<?xml version="1.0" encoding="UTF-8"?>
<!-- Generated by org.testng.reporters.JUnitXMLReporter -->
<testsuite hostname="D-113096609" name="Test" tests="7" failures="0" timestamp="14 Feb 2018 09:04:46 GMT" time="600.679" errors="0">
  <testcase name="testcase01_part01" time="286.078" classname="com.wipro.chc.Assignment2.TC01RegistrationAndOpenToCart"/>
  <testcase name="testcase01_part02" time="14.936" classname="com.wipro.chc.Assignment2.TC01RegistrationAndOpenToCart"/>
  <testcase name="testcase01_part02" time="6.795" classname="com.wipro.chc.Assignment2.TC01RegistrationAndOpenToCart"/>
  <testcase name="testcase01_part03" time="19.682" classname="com.wipro.chc.Assignment2.TC01RegistrationAndOpenToCart"/>
  <testcase name="testcase02" time="104.007" classname="com.wipro.chc.Assignment2.TC02ProductComparision"/>
  <testcase name="testcase03" time="66.933" classname="com.wipro.chc.Assignment2.TC03AddingPhonesToCart"/>
  <testcase name="testcase04" time="83.617" classname="com.wipro.chc.Assignment2.TC04OrderHistory"/>
</testsuite> <!-- Test -->
