<?xml version="1.0" encoding="UTF-8"?>
<!-- Generated by org.testng.reporters.JUnitXMLReporter -->
<testsuite hostname="D-113096609" name="Test" tests="6" failures="0" timestamp="23 Feb 2018 07:36:50 GMT" time="120.296" errors="0">
  <testcase name="testcase01_part01" time="40.338" classname="com.wipro.chc.Assignment2.TC01RegistrationAndOpenToCart"/>
  <testcase name="testcase01_part02" time="12.958" classname="com.wipro.chc.Assignment2.TC01RegistrationAndOpenToCart"/>
  <testcase name="testcase01_part02" time="12.63" classname="com.wipro.chc.Assignment2.TC01RegistrationAndOpenToCart"/>
  <testcase name="testcase01_part03" time="25.196" classname="com.wipro.chc.Assignment2.TC01RegistrationAndOpenToCart"/>
  <testcase name="testcase03" time="95.912" classname="com.wipro.chc.Assignment2.TC03AddingPhonesToCart"/>
  <testcase name="testcase04" time="102.709" classname="com.wipro.chc.Assignment2.TC04OrderHistory"/>
</testsuite> <!-- Test -->
