<?xml version="1.0" encoding="UTF-8"?>
<!-- Generated by org.testng.reporters.JUnitXMLReporter -->
<testsuite hostname="D-113096609" name="Test" tests="6" failures="0" timestamp="22 Feb 2018 06:19:58 GMT" time="105.275" errors="0">
  <testcase name="testcase01_part01" time="39.511" classname="com.wipro.chc.Assignment2.TC01RegistrationAndOpenToCart"/>
  <testcase name="testcase01_part02" time="11.884" classname="com.wipro.chc.Assignment2.TC01RegistrationAndOpenToCart"/>
  <testcase name="testcase01_part02" time="12.899" classname="com.wipro.chc.Assignment2.TC01RegistrationAndOpenToCart"/>
  <testcase name="testcase01_part03" time="22.368" classname="com.wipro.chc.Assignment2.TC01RegistrationAndOpenToCart"/>
  <testcase name="testcase03" time="89.269" classname="com.wipro.chc.Assignment2.TC03AddingPhonesToCart"/>
  <testcase name="testcase04" time="96.435" classname="com.wipro.chc.Assignment2.TC04OrderHistory"/>
</testsuite> <!-- Test -->
