<?xml version="1.0" encoding="UTF-8"?>
<testng-results skipped="0" failed="0" total="1" passed="1">
  <reporter-output>
  </reporter-output>
  <suite name="Default suite" duration-ms="77782" started-at="2018-02-19T05:49:42Z" finished-at="2018-02-19T05:51:00Z">
    <groups>
    </groups>
    <test name="Default test" duration-ms="77782" started-at="2018-02-19T05:49:42Z" finished-at="2018-02-19T05:51:00Z">
      <class name="com.wipro.chc.Assignment2.TC03AddingPhonesToCart">
        <test-method status="PASS" signature="startReport()[pri:0, instance:com.wipro.chc.Assignment2.TC03AddingPhonesToCart@402a079c]" name="startReport" is-config="true" duration-ms="319" started-at="2018-02-19T11:19:42Z" finished-at="2018-02-19T11:19:42Z">
          <reporter-output>
          </reporter-output>
        </test-method> <!-- startReport -->
        <test-method status="PASS" signature="launchBrowser()[pri:0, instance:com.wipro.chc.Assignment2.TC03AddingPhonesToCart@402a079c]" name="launchBrowser" is-config="true" duration-ms="4181" started-at="2018-02-19T11:19:42Z" finished-at="2018-02-19T11:19:47Z">
          <reporter-output>
          </reporter-output>
        </test-method> <!-- launchBrowser -->
        <test-method status="PASS" signature="testcase03(java.lang.String, java.lang.String, java.lang.String, java.lang.String, java.lang.String, java.lang.String, java.lang.String, java.lang.String)[pri:0, instance:com.wipro.chc.Assignment2.TC03AddingPhonesToCart@402a079c]" name="testcase03" duration-ms="71224" started-at="2018-02-19T11:19:47Z" description="Adding Phones To Cart" data-provider="BillingAddressDetails" finished-at="2018-02-19T11:20:58Z">
          <params>
            <param index="0">
              <value>
                <![CDATA[vasavi]]>
              </value>
            </param>
            <param index="1">
              <value>
                <![CDATA[vura]]>
              </value>
            </param>
            <param index="2">
              <value>
                <![CDATA[Wipro]]>
              </value>
            </param>
            <param index="3">
              <value>
                <![CDATA[12345]]>
              </value>
            </param>
            <param index="4">
              <value>
                <![CDATA[Khazaguda]]>
              </value>
            </param>
            <param index="5">
              <value>
                <![CDATA[Manikonda]]>
              </value>
            </param>
            <param index="6">
              <value>
                <![CDATA[Hyderabad]]>
              </value>
            </param>
            <param index="7">
              <value>
                <![CDATA[500090]]>
              </value>
            </param>
          </params>
          <reporter-output>
          </reporter-output>
        </test-method> <!-- testcase03 -->
        <test-method status="PASS" signature="getResult(org.testng.ITestResult)[pri:0, instance:com.wipro.chc.Assignment2.TC03AddingPhonesToCart@402a079c]" name="getResult" is-config="true" duration-ms="0" started-at="2018-02-19T11:20:58Z" finished-at="2018-02-19T11:20:58Z">
          <params>
            <param index="0">
              <value>
                <![CDATA[[TestResult name=testcase03 status=SUCCESS method=TC03AddingPhonesToCart.testcase03(java.lang.String, java.lang.String, java.lang.String, java.lang.String, java.lang.String, java.lang.String, java.lang.String, java.lang.String)[pri:0, instance:com.wipro.chc.Assignment2.TC03AddingPhonesToCart@402a079c] output={null}]]]>
              </value>
            </param>
          </params>
          <reporter-output>
          </reporter-output>
        </test-method> <!-- getResult -->
        <test-method status="PASS" signature="closeBrowser()[pri:0, instance:com.wipro.chc.Assignment2.TC03AddingPhonesToCart@402a079c]" name="closeBrowser" is-config="true" duration-ms="2198" started-at="2018-02-19T11:20:58Z" finished-at="2018-02-19T11:21:00Z">
          <reporter-output>
          </reporter-output>
        </test-method> <!-- closeBrowser -->
        <test-method status="PASS" signature="endReport()[pri:0, instance:com.wipro.chc.Assignment2.TC03AddingPhonesToCart@402a079c]" name="endReport" is-config="true" duration-ms="694" started-at="2018-02-19T11:21:00Z" finished-at="2018-02-19T11:21:01Z">
          <reporter-output>
          </reporter-output>
        </test-method> <!-- endReport -->
      </class> <!-- com.wipro.chc.Assignment2.TC03AddingPhonesToCart -->
    </test> <!-- Default test -->
  </suite> <!-- Default suite -->
</testng-results>
